<?xml version="1.0" encoding="UTF-8"?>
<!-- Generated by org.testng.reporters.JUnitXMLReporter -->
<testsuite ignored="0" hostname="ParminderKaur" failures="0" tests="4" name="TestNG" time="49.305" errors="0" timestamp="2023-04-25T17:58:17 EDT">
  <testcase classname="testLayer.LoginTest" name="Tittle" time="0.008"/>
  <testcase classname="testLayer.LoginTest" name="Login" time="5.086"/>
  <testcase classname="testLayer.LoginTest" name="Login" time="5.08"/>
  <testcase classname="testLayer.LoginTest" name="Login" time="4.944"/>
</testsuite> <!-- TestNG -->
